<?xml version="1.0" encoding="UTF-8"?><testsuite errors="0" failures="0" name="login.features.login.LoginStory" skipped="0" tests="4" time="135.7" timestamp="2020-05-29 11:36:21"><testcase classname="login.features.login.LoginStory" name="Login failed normal"/><testcase classname="login.features.login.LoginStory" name="Login success with github"/><testcase classname="login.features.login.LoginStory" name="Login failed with github"/><testcase classname="login.features.login.LoginStory" name="Login success normal"/></testsuite>